---------uptime------ 

 13:27:21 up  1:13,  1 user,  load average: 0,04, 0,05, 0,06

---------------------- 


---------users------ 

maxsimka

---------------------- 


---------recent logins------ 

maxsimka :0           :0               Tue Mar 23 12:15   still logged in
reboot   system boot  4.15.0-139-gener Tue Mar 23 12:14   still running
maxsimka :0           :0               Sun Mar 21 19:39 - down   (01:12)
reboot   system boot  4.15.0-20-generi Sun Mar 21 19:39 - 20:52  (01:12)
maxsimka :0           :0               Sat Mar 20 14:51 - down   (01:13)
reboot   system boot  4.15.0-20-generi Sat Mar 20 14:50 - 16:04  (01:13)
maxsimka :0           :0               Sat Mar 20 14:43 - crash  (00:07)
reboot   system boot  4.15.0-20-generi Sat Mar 20 14:42 - 16:04  (01:21)
maxsimka :0           :0               Sat Mar 20 10:23 - crash  (04:19)
reboot   system boot  4.15.0-20-generi Sat Mar 20 10:23 - 16:04  (05:41)
maxsimka :0           :0               Fri Mar 19 13:52 - crash  (20:30)
reboot   system boot  4.15.0-20-generi Fri Mar 19 13:51 - 16:04 (1+02:12)
maxsimka :0           :0               Fri Mar 19 13:35 - 13:51  (00:16)
reboot   system boot  4.15.0-20-generi Fri Mar 19 13:35 - 13:51  (00:16)
maxsimka :0           :0               Fri Mar 19 13:30 - 13:33  (00:03)
reboot   system boot  4.15.0-20-generi Fri Mar 19 13:30 - 13:35  (00:04)
maxsimka :0           :0               Fri Mar 12 19:07 - crash (6+18:23)
reboot   system boot  4.15.0-20-generi Fri Mar 12 19:06 - 13:35 (6+18:28)

wtmp begins Fri Mar 12 19:06:47 2021

---------------------- 


---------top 10 process by RAM usage---------
USER       PID %CPU %MEM    VSZ   RSS TTY      STAT START   TIME COMMAND
maxsimka  1419  1.6  9.2 3355080 141716 tty1   Sl+  12:13   1:13 /usr/bin/gnome-shell
maxsimka  1859  0.2  8.3 1399968 127908 tty1   SLl+ 12:14   0:11 /usr/bin/gnome-software --gapplication-service
root      1717  0.7  3.9 523208 60220 ?        Ssl  12:13   0:31 /usr/lib/packagekit/packagekitd
maxsimka  1932  0.0  2.9 894080 45616 ?        Ssl  12:14   0:00 /usr/lib/evolution/evolution-calendar-factory
root      2034  0.0  2.9 606644 44624 ?        Ssl  12:14   0:02 /usr/lib/fwupd/fwupd
maxsimka  1949  0.0  2.8 1064028 43644 ?       Sl   12:14   0:01 /usr/lib/evolution/evolution-calendar-factory-subprocess --factory all --bus-name org.gnome.evolution.dataserver.Subprocess.Backend.Calendarx1932x2 --own-path /org/gnome/evolution/dataserver/Subprocess/Backend/Calendar/1932/2
maxsimka  3422  0.8  2.4 730344 37644 ?        Ssl  12:22   0:31 /usr/lib/gnome-terminal/gnome-terminal-server
maxsimka  1864  0.1  2.4 970104 36976 tty1     Sl+  12:14   0:05 nautilus-desktop
maxsimka  1185  1.1  2.4 375224 36768 tty1     Rl+  12:13   0:49 /usr/lib/xorg/Xorg vt1 -displayfd 3 -auth /run/user/1000/gdm/Xauthority -background none -noreset -keeptty -verbose 3

---------------------------------------- 


---------all open TCP/UDP ports-----------
Netid  State    Recv-Q   Send-Q                                   Local Address:Port                                            Peer Address:Port               
nl     UNCONN   0        0                                                 rtnl:gnome-software/1859                                         *                   
nl     UNCONN   0        0                                                 rtnl:whoopsie/1072                                               *                   
nl     UNCONN   0        0                                                 rtnl:avahi-daemon/810                                            *                   
nl     UNCONN   0        0                                                 rtnl:evolution-calen/1949                                        *                   
nl     UNCONN   0        0                                                 rtnl:285213539                                                   *                   
nl     UNCONN   0        0                                                 rtnl:evolution-addre/1982                                        *                   
nl     UNCONN   0        0                                                 rtnl:goa-daemon/1674                                             *                   
nl     UNCONN   0        0                                                 rtnl:systemd-resolve/385                                         *                   
nl     UNCONN   0        0                                                 rtnl:kernel                                                      *                   
nl     UNCONN   0        0                                                 rtnl:packagekitd/1717                                            *                   
nl     UNCONN   0        0                                                 rtnl:evolution-addre/1982                                        *                   
nl     UNCONN   0        0                                                 rtnl:evolution-calen/1949                                        *                   
nl     UNCONN   0        0                                                 rtnl:gnome-software/1859                                         *                   
nl     UNCONN   0        0                                                 rtnl:packagekitd/1717                                            *                   
nl     UNCONN   0        0                                                 rtnl:goa-daemon/1674                                             *                   
nl     UNCONN   0        0                                                 rtnl:whoopsie/1072                                               *                   
nl     UNCONN   0        0                                                 rtnl:285213539                                                   *                   
nl     UNCONN   0        0                                                 rtnl:avahi-daemon/810                                            *                   
nl     UNCONN   0        0                                                 rtnl:systemd-resolve/385                                         *                   
nl     UNCONN   768      0                                              tcpdiag:kernel                                                      *                   
nl     UNCONN   4352     0                                              tcpdiag:ss/3824                                                     *                   
nl     UNCONN   0        0                                              selinux:kernel                                                      *                   
nl     UNCONN   0        0                                                audit:-1652141700                                                 *                   
nl     UNCONN   0        0                                                audit:systemd/1                                                   *                   
nl     UNCONN   0        0                                                audit:kernel                                                      *                   
nl     UNCONN   0        0                                                audit:gdm-session-wor/1046                                        *                   
nl     UNCONN   0        0                                                audit:systemd/1                                                   *                   
nl     UNCONN   0        0                                            fiblookup:kernel                                                      *                   
nl     UNCONN   0        0                                            connector:kernel                                                      *                   
nl     UNCONN   0        0                                               uevent:-15951550                                                   *                   
nl     UNCONN   0        0                                               uevent:-1035525587                                                 *                   
nl     UNCONN   0        0                                               uevent:gvfs-mtp-volume/1700                                        *                   
nl     UNCONN   0        0                                               uevent:ModemManager/874                                            *                   
nl     UNCONN   0        0                                               uevent:udisksd/871                                                 *                   
nl     UNCONN   0        0                                               uevent:kernel                                                      *                   
nl     UNCONN   0        0                                               uevent:-661736053                                                  *                   
nl     UNCONN   0        0                                               uevent:colord/1837                                                 *                   
nl     UNCONN   0        0                                               uevent:gsd-media-keys/1767                                         *                   
nl     UNCONN   0        0                                               uevent:systemd/1108                                                *                   
nl     UNCONN   0        0                                               uevent:-994681149                                                  *                   
nl     UNCONN   0        0                                               uevent:pulseaudio/1605                                             *                   
nl     UNCONN   0        0                                               uevent:boltd/1688                                                  *                   
nl     UNCONN   0        0                                               uevent:Xorg/1185                                                   *                   
nl     UNCONN   0        0                                               uevent:-1229535457                                                 *                   
nl     UNCONN   0        0                                               uevent:systemd/1                                                   *                   
nl     UNCONN   0        0                                               uevent:gvfs-gphoto2-vo/1704                                        *                   
nl     UNCONN   0        0                                               uevent:-432525104                                                  *                   
nl     UNCONN   0        0                                               uevent:-1116854333                                                 *                   
nl     UNCONN   0        0                                               uevent:snapd/2222                                                  *                   
nl     UNCONN   0        0                                               uevent:-1079060622                                                 *                   
nl     UNCONN   0        0                                               uevent:-1232759164                                                 *                   
nl     UNCONN   0        0                                               uevent:systemd-logind/814                                          *                   
nl     UNCONN   0        0                                               uevent:fwupd/2034                                                  *                   
nl     UNCONN   0        0                                               uevent:upowerd/1445                                                *                   
nl     UNCONN   0        0                                               uevent:-1462013624                                                 *                   
nl     UNCONN   0        0                                               uevent:-1155353301                                                 *                   
nl     UNCONN   0        0                                               uevent:-1094027978                                                 *                   
nl     UNCONN   0        0                                               uevent:NetworkManager/867                                          *                   
nl     UNCONN   0        0                                               uevent:-1263816761                                                 *                   
nl     UNCONN   0        0                                               uevent:-584985743                                                  *                   
nl     UNCONN   0        0                                               uevent:snapd/2222                                                  *                   
nl     UNCONN   0        0                                               uevent:-994681149                                                  *                   
nl     UNCONN   0        0                                               uevent:-432525104                                                  *                   
nl     UNCONN   0        0                                               uevent:-584985743                                                  *                   
nl     UNCONN   0        0                                               uevent:fwupd/2034                                                  *                   
nl     UNCONN   0        0                                               uevent:gsd-media-keys/1767                                         *                   
nl     UNCONN   0        0                                               uevent:-1094027978                                                 *                   
nl     UNCONN   0        0                                               uevent:-1462013624                                                 *                   
nl     UNCONN   0        0                                               uevent:-15951550                                                   *                   
nl     UNCONN   0        0                                               uevent:colord/1837                                                 *                   
nl     UNCONN   0        0                                               uevent:gvfs-gphoto2-vo/1704                                        *                   
nl     UNCONN   0        0                                               uevent:gvfs-mtp-volume/1700                                        *                   
nl     UNCONN   0        0                                               uevent:boltd/1688                                                  *                   
nl     UNCONN   0        0                                               uevent:pulseaudio/1605                                             *                   
nl     UNCONN   0        0                                               uevent:gnome-shell/1419                                            *                   
nl     UNCONN   0        0                                               uevent:upowerd/1445                                                *                   
nl     UNCONN   0        0                                               uevent:-1232759164                                                 *                   
nl     UNCONN   0        0                                               uevent:Xorg/1185                                                   *                   
nl     UNCONN   0        0                                               uevent:systemd/1108                                                *                   
nl     UNCONN   0        0                                               uevent:-1035525587                                                 *                   
nl     UNCONN   0        0                                               uevent:-1116854333                                                 *                   
nl     UNCONN   0        0                                               uevent:-1229535457                                                 *                   
nl     UNCONN   0        0                                               uevent:NetworkManager/867                                          *                   
nl     UNCONN   0        0                                               uevent:udisksd/871                                                 *                   
nl     UNCONN   0        0                                               uevent:ModemManager/874                                            *                   
nl     UNCONN   0        0                                               uevent:-661736053                                                  *                   
nl     UNCONN   0        0                                               uevent:-1263816761                                                 *                   
nl     UNCONN   0        0                                               uevent:-1155353301                                                 *                   
nl     UNCONN   0        0                                               uevent:systemd-logind/814                                          *                   
nl     UNCONN   0        0                                               uevent:-1079060622                                                 *                   
nl     UNCONN   0        0                                               uevent:systemd/1                                                   *                   
nl     UNCONN   0        0                                                 genl:acpid/813                                                   *                   
nl     UNCONN   0        0                                                 genl:kernel                                                      *                   
nl     UNCONN   0        0                                                 genl:acpid/813                                                   *                   
nl     UNCONN   0        0                                           scsi-trans:kernel                                                      *                   
p_raw  UNCONN   0        0                                                    *:enp0s3                                                      *                   
u_str  LISTEN   0        10                                 @/tmp/dbus-5nw1TGb0 21799                                                      * 0                  
u_str  LISTEN   0        128                              @/tmp/dbus-xWYnhHmBVb 22774                                                      * 0                  
u_str  LISTEN   0        128                               @/tmp/.ICE-unix/1222 22860                                                      * 0                  
u_dgr  UNCONN   0        0                        /run/user/1000/systemd/notify 20306                                                      * 0                  
u_seq  LISTEN   0        128                                  /run/udev/control 10847                                                      * 0                  
u_str  LISTEN   0        128                     /run/user/1000/systemd/private 20309                                                      * 0                  
u_str  LISTEN   0        128                                 /run/user/1000/bus 20326                                                      * 0                  
u_str  LISTEN   0        128             /run/user/1000/gnupg/S.gpg-agent.extra 20327                                                      * 0                  
u_str  LISTEN   0        128                   /run/user/1000/gnupg/S.gpg-agent 20328                                                      * 0                  
u_str  LISTEN   0        128           /run/user/1000/gnupg/S.gpg-agent.browser 20329                                                      * 0                  
u_str  LISTEN   0        128                     /run/user/1000/gnupg/S.dirmngr 20330                                                      * 0                  
u_str  LISTEN   0        128               /run/user/1000/gnupg/S.gpg-agent.ssh 20331                                                      * 0                  
u_str  LISTEN   0        128                     /run/user/1000/keyring/control 21794                                                      * 0                  
u_str  LISTEN   0        10                                 @/tmp/dbus-sye3e7pp 21194                                                      * 0                  
u_str  LISTEN   0        128                      /run/user/1000/keyring/pkcs11 22209                                                      * 0                  
u_str  LISTEN   0        1                                  @irqbalance872.sock 17882                                                      * 0                  
u_str  LISTEN   0        10                          /run/user/1000/keyring/ssh 22210                                                      * 0                  
u_str  LISTEN   0        5                          /run/user/1000/pulse/native 23644                                                      * 0                  
u_str  LISTEN   0        128                                  /tmp/.X11-unix/X0 21847                                                      * 0                  
u_str  LISTEN   0        128                                 @/tmp/.X11-unix/X0 21846                                                      * 0                  
u_str  LISTEN   0        128                                 /run/uuidd/request 16960                                                      * 0                  
u_str  LISTEN   0        128                   /tmp/ssh-0J0DRJuXCTvN/agent.1222 21997                                                      * 0                  
u_str  LISTEN   0        128                                /tmp/.ICE-unix/1222 22861                                                      * 0                  
u_str  LISTEN   0        128                           /run/avahi-daemon/socket 16962                                                      * 0                  
u_dgr  UNCONN   0        0                                  /run/systemd/notify 10815                                                      * 0                  
u_str  LISTEN   0        128                                  /run/acpid.socket 16964                                                      * 0                  
u_str  LISTEN   0        128                    /var/run/dbus/system_bus_socket 16966                                                      * 0                  
u_str  LISTEN   0        128                                  /run/snapd.socket 16968                                                      * 0                  
u_str  LISTEN   0        128                             /run/snapd-snap.socket 16970                                                      * 0                  
u_str  LISTEN   0        128                               /run/systemd/private 10818                                                      * 0                  
u_str  LISTEN   0        128                         /run/systemd/fsck.progress 10828                                                      * 0                  
u_dgr  UNCONN   0        0                          /run/systemd/journal/syslog 10836                                                      * 0                  
u_str  LISTEN   0        128                        /run/systemd/journal/stdout 10838                                                      * 0                  
u_dgr  UNCONN   0        0                          /run/systemd/journal/socket 10840                                                      * 0                  
u_dgr  UNCONN   0        0                         /run/systemd/journal/dev-log 10853                                                      * 0                  
u_str  LISTEN   0        10                                 @/tmp/dbus-ncaEHRIo 21193                                                      * 0                  
u_str  LISTEN   0        128                                /run/cups/cups.sock 36611                                                      * 0                  
u_str  LISTEN   0        10                    /run/NetworkManager/private-dhcp 19904                                                      * 0                  
u_str  LISTEN   0        10                                 @/tmp/dbus-dNBibsS4 21800                                                      * 0                  
u_str  LISTEN   0        64                    /var/lib/fwupd/gnupg/S.gpg-agent 32809                                                      * 0                  
u_str  LISTEN   0        64              /var/lib/fwupd/gnupg/S.gpg-agent.extra 32811                                                      * 0                  
u_str  LISTEN   0        10                                 @/tmp/dbus-21wwV8Ge 24587                                                      * 0                  
u_str  LISTEN   0        64            /var/lib/fwupd/gnupg/S.gpg-agent.browser 32812                                                      * 0                  
u_str  LISTEN   0        64                /var/lib/fwupd/gnupg/S.gpg-agent.ssh 32814                                                      * 0                  
u_dgr  UNCONN   0        0                                                    * 19911                                                      * 10853              
u_dgr  UNCONN   0        0                                                    * 13728                                                      * 10815              
u_dgr  UNCONN   0        0                                                    * 25514                                                      * 10853              
u_dgr  UNCONN   0        0                                                    * 18437                                                      * 10840              
u_dgr  UNCONN   0        0                                                    * 18463                                                      * 10853              
u_dgr  UNCONN   0        0                                                    * 11128                                                      * 10840              
u_dgr  UNCONN   0        0                                                    * 20308                                                      * 20307              
u_dgr  UNCONN   0        768                                                  * 15527                                                      * 15526              
u_dgr  UNCONN   0        0                                                    * 25534                                                      * 0                  
u_dgr  UNCONN   0        0                                                    * 20307                                                      * 20308              
u_dgr  UNCONN   0        0                                                    * 15690                                                      * 10840              
u_dgr  UNCONN   0        0                                                    * 16365                                                      * 10853              
u_dgr  UNCONN   0        0                                                    * 16475                                                      * 10840              
u_dgr  UNCONN   0        0                                                    * 26166                                                      * 0                  
u_dgr  UNCONN   0        0                                                    * 23654                                                      * 0                  
u_dgr  UNCONN   0        0                                                    * 16477                                                      * 16478              
u_dgr  UNCONN   0        0                                                    * 21903                                                      * 10853              
u_dgr  UNCONN   0        0                                                    * 21187                                                      * 10853              
u_dgr  UNCONN   0        0                                                    * 24327                                                      * 0                  
u_dgr  UNCONN   0        0                                                    * 26309                                                      * 0                  
u_dgr  UNCONN   0        0                                                    * 27845                                                      * 0                  
u_dgr  UNCONN   0        0                                                    * 37102                                                      * 0                  
u_dgr  UNCONN   0        0                                                    * 27014                                                      * 0                  
u_dgr  UNCONN   0        0                                                    * 16372                                                      * 10853              
u_dgr  UNCONN   0        0                                                    * 27072                                                      * 0                  
u_dgr  UNCONN   0        0                                                    * 25211                                                      * 10853              
u_dgr  UNCONN   0        0                                                    * 19166                                                      * 0                  
u_dgr  UNCONN   0        0                                                    * 18086                                                      * 0                  
u_dgr  UNCONN   0        0                                                    * 18038                                                      * 10853              
u_dgr  UNCONN   0        0                                                    * 29431                                                      * 10840              
u_dgr  UNCONN   0        0                                                    * 20261                                                      * 10853              
u_dgr  UNCONN   0        768                                                  * 23606                                                      * 23605              
u_dgr  UNCONN   0        0                                                    * 17546                                                      * 10853              
u_dgr  UNCONN   0        0                                                    * 16478                                                      * 16477              
u_dgr  UNCONN   0        0                                                    * 23605                                                      * 23606              
u_dgr  UNCONN   0        0                                                    * 26932                                                      * 0                  
u_dgr  UNCONN   0        0                                                    * 23816                                                      * 0                  
u_dgr  UNCONN   0        0                                                    * 16479                                                      * 16480              
u_dgr  UNCONN   0        0                                                    * 23812                                                      * 10853              
u_dgr  UNCONN   0        0                                                    * 13974                                                      * 13975              
u_dgr  UNCONN   4        0                                                    * 15526                                                      * 15527              
u_dgr  UNCONN   0        0                                                    * 16480                                                      * 16479              
u_dgr  UNCONN   0        0                                                    * 23632                                                      * 10853              
u_dgr  UNCONN   0        0                                                    * 23774                                                      * 0                  
u_dgr  UNCONN   0        0                                                    * 21708                                                      * 10840              
u_dgr  UNCONN   0        0                                                    * 10816                                                      * 10817              
u_dgr  UNCONN   0        0                                                    * 17802                                                      * 10853              
u_dgr  UNCONN   0        0                                                    * 13975                                                      * 13974              
u_dgr  UNCONN   0        0                                                    * 10817                                                      * 10816              
icmp6  UNCONN   0        0                                                    *:ipv6-icmp                                                  *:*                  
udp    UNCONN   0        0                                              0.0.0.0:ipp                                                  0.0.0.0:*                  
udp    UNCONN   0        0                                        127.0.0.53%lo:domain                                               0.0.0.0:*                  
udp    UNCONN   0        0                                              0.0.0.0:bootpc                                               0.0.0.0:*                  
udp    UNCONN   0        0                                              0.0.0.0:39055                                                0.0.0.0:*                  
udp    UNCONN   0        0                                              0.0.0.0:mdns                                                 0.0.0.0:*                  
udp    UNCONN   0        0                                                 [::]:52359                                                   [::]:*                  
udp    UNCONN   0        0                                                 [::]:mdns                                                    [::]:*                  
tcp    LISTEN   0        5                                            127.0.0.1:ipp                                                  0.0.0.0:*                  
tcp    LISTEN   0        128                                      127.0.0.53%lo:domain                                               0.0.0.0:*                  
tcp    LISTEN   0        5                                                [::1]:ipp                                                     [::]:*                  

---------------------------------------- 


---------Virtual memoty usage-----------
procs -----------memory---------- ---swap-- -----io---- -system-- ------cpu-----
 r  b   swpd   free   buff  cache   si   so    bi    bo   in   cs us sy id wa st
 0  0  23672  74128 116948 645880    1    3   163   158  110  206  4  1 95  0  0

---------------------------------------- 


---------usage of dick space-----------
Filesystem      Size  Used Avail Use% Mounted on
udev            714M     0  714M   0% /dev
tmpfs           149M  1,4M  148M   1% /run
/dev/sda1        15G  6,1G  7,9G  44% /
tmpfs           745M     0  745M   0% /dev/shm
tmpfs           5,0M  4,0K  5,0M   1% /run/lock
tmpfs           745M     0  745M   0% /sys/fs/cgroup
/dev/loop0       13M   13M     0 100% /snap/gnome-characters/69
/dev/loop1      141M  141M     0 100% /snap/gnome-3-26-1604/59
/dev/loop2      384K  384K     0 100% /snap/gnome-characters/570
/dev/loop4      3,4M  3,4M     0 100% /snap/gnome-system-monitor/36
/dev/loop5       65M   65M     0 100% /snap/gtk-common-themes/1514
/dev/loop11     2,5M  2,5M     0 100% /snap/gnome-calculator/884
/dev/loop7      2,3M  2,3M     0 100% /snap/gnome-system-monitor/157
/dev/loop3       21M   21M     0 100% /snap/gnome-logs/25
/dev/loop10     1,7M  1,7M     0 100% /snap/gnome-calculator/154
/dev/loop12      56M   56M     0 100% /snap/core18/1988
/dev/loop13     219M  219M     0 100% /snap/gnome-3-34-1804/66
/dev/loop8      141M  141M     0 100% /snap/gnome-3-26-1604/100
/dev/loop9      640K  640K     0 100% /snap/gnome-logs/103
/dev/loop6      100M  100M     0 100% /snap/core/10859
tmpfs           149M   36K  149M   1% /run/user/1000
/dev/loop15     100M  100M     0 100% /snap/core/10908

---------------------------------------- 


